2c64 start_logger              154 ---- 2025/08/31 23:29:38.252 -------------------------------------------------
2c64 start_logger              160 Host process is 'cmd.exe' (pid 11364)
2c64 start_logger              164 DLL path is 'D:\laragon-8.2\bin\cmder\vendor\clink'
2c64 start_logger              178 Windows version 10.0.26100 (x64)
2c64 start_logger              181 Clink version 1.2.46.69fc92 (x64)
2c64 hook_setter::hook_setter  156 >>> Started hook transaction.
2c64 hook_setter::attach_iat   313 Attempting to hook SetEnvironmentVariableW in IAT for module 00007FF79A430000.
2c64 pe_info::iterate_imports  160 Found import in 'api-ms-win-core-processenvironment-l1-1-0.dll'
2c64 find_iat                  121 Found import at 00007FF79A473E70 (value is 00007FFBC949A000).
2c64 hook_setter::attach_iat   313 Attempting to hook WriteConsoleW in IAT for module 00007FF79A430000.
2c64 pe_info::iterate_imports  160 Found import in 'api-ms-win-core-console-l1-1-0.dll'
2c64 find_iat                  121 Found import at 00007FF79A473AB8 (value is 00007FFBC9494480).
2c64 hook_setter::attach_iat   313 Attempting to hook GetEnvironmentVariableW in IAT for module 00007FF79A430000.
2c64 pe_info::iterate_imports  160 Found import in 'api-ms-win-core-processenvironment-l1-1-0.dll'
2c64 find_iat                  121 Found import at 00007FF79A473E50 (value is 00007FFBC9474900).
2c64 hook_setter::commit       204 <<< Hook transaction committed.
2c64 hook_setter::hook_setter  156 >>> Started hook transaction.
2c64 hook_setter::detach_iat   356 Attempting to unhook 00007FFB451AADF0 from GetEnvironmentVariableW in IAT for module 00007FF79A430000.
2c64 pe_info::iterate_imports  160 Found import in 'api-ms-win-core-processenvironment-l1-1-0.dll'
2c64 find_iat                  121 Found import at 00007FF79A473E50 (value is 00007FFB451AADF0).
2c64 hook_setter::commit       204 <<< Hook transaction committed.
2c64 hook_setter::hook_setter  156 >>> Started hook transaction.
2c64 hook_setter::attach_iat   313 Attempting to hook ReadConsoleW in IAT for module 00007FF79A430000.
2c64 pe_info::iterate_imports  160 Found import in 'api-ms-win-core-console-l1-1-0.dll'
2c64 find_iat                  121 Found import at 00007FF79A473AC8 (value is 00007FFBC94AE650).
2c64 hook_setter::commit       204 <<< Hook transaction committed.
2c64 reset_handle              145 resetting mismatched stdout handle
2c64 reset_handle              145 resetting mismatched stderr handle
2c64 win_screen_buffer::begin  227 Using native terminal support; found 'ConEmuHk64.dll'.
2c64 reset_handle              145 resetting mismatched stdout handle
2c64 reset_handle              145 resetting mismatched stderr handle
2c64 history_db::initialise   1268 master bank ctag: |CTAG_1663167284_18455859_4204_0
2c64 history_db::compact      1492 History:  0 active, 0 deleted
